GROUP,PACKAGE,CLASS,INSTRUCTION_MISSED,INSTRUCTION_COVERED,BRANCH_MISSED,BRANCH_COVERED,LINE_MISSED,LINE_COVERED,COMPLEXITY_MISSED,COMPLEXITY_COVERED,METHOD_MISSED,METHOD_COVERED
App,com.trabalhoverival.app,Numero,4,61,0,0,1,11,1,6,1,6
App,com.trabalhoverival.app,Somador,0,55,0,4,0,18,0,7,0,5
App,com.trabalhoverival.app,App,34,0,0,0,8,0,2,0,2,0
App,com.trabalhoverival.app,Fatorial,0,48,0,6,0,13,0,5,0,2
App,com.trabalhoverival.app,Multiplicador,0,113,0,18,0,25,0,13,0,4
App,com.trabalhoverival.app,Potencia,66,0,8,0,14,0,7,0,3,0
